<?xml version="1.0" encoding="UTF-8"?>
<!-- Generated by org.testng.reporters.JUnitReportReporter -->
<testsuite hostname="DESKTOP-CHK7PKJ" failures="0" tests="4" name="com.testrun.CucumberRunner" time="11.385" errors="0" timestamp="2023-06-22T16:02:00 EDT" skipped="0">
  <testcase classname="com.testrun.CucumberRunner" name="test1" time="0.002"/>
  <system-out/>
  <testcase classname="com.testrun.CucumberRunner" name="runScenario" time="2.383"/>
  <system-out/>
  <testcase classname="com.testrun.CucumberRunner" name="runScenario" time="6.336"/>
  <system-out/>
  <testcase classname="com.testrun.CucumberRunner" name="runScenario" time="2.664"/>
  <system-out/>
</testsuite> <!-- com.testrun.CucumberRunner -->
