<?xml version="1.0" encoding="UTF-8"?>
<!-- Generated by org.testng.reporters.JUnitReportReporter -->
<testsuite hostname="DESKTOP-CHK7PKJ" failures="0" tests="4" name="com.testrun.CucumberRunner" time="10.336" errors="0" timestamp="2023-06-22T16:13:52 EDT" skipped="0">
  <testcase classname="com.testrun.CucumberRunner" name="test1" time="0.003"/>
  <system-out/>
  <testcase classname="com.testrun.CucumberRunner" name="runScenario" time="2.600"/>
  <system-out/>
  <testcase classname="com.testrun.CucumberRunner" name="runScenario" time="4.816"/>
  <system-out/>
  <testcase classname="com.testrun.CucumberRunner" name="runScenario" time="2.917"/>
  <system-out/>
</testsuite> <!-- com.testrun.CucumberRunner -->
